<?xml version="1.0" encoding="UTF-8"?>
<testsuite xmlns:xsi="http://www.w3.org/2001/XMLSchema-instance" xsi:noNamespaceSchemaLocation="https://maven.apache.org/surefire/maven-surefire-plugin/xsd/surefire-test-report.xsd" name="com.slotegrator.api.STFUAPITests" time="12.178" tests="3" errors="0" skipped="0" failures="1">
  <properties>
[...]
</properties>
  <testcase name="verifyGetLeaderboardJSONSchemaAndStatusCode" classname="com.slotegrator.api.STFUAPITests" time="7.766"/>
  <testcase name="verifyPostClickJSONSchemaAndStatusCode" classname="com.slotegrator.api.STFUAPITests" time="1.111">
    <failure message="1 expectation failed.&#10;Expected status code &lt;200&gt; but was &lt;400&gt;.&#10;" type="java.lang.AssertionError"><![CDATA[java.lang.AssertionError: 
1 expectation failed.
Expected status code <200> but was <400>.

	at com.slotegrator.api.STFUAPITests.verifyPostClickJSONSchemaAndStatusCode(STFUAPITests.java:61)
]]></failure>
    <system-out><![CDATA[2. [REQUEST] post /klik
Request method:	POST
Request URI:	https://klikuj.herokuapp.com/api/v1/klik
Proxy:			<none>
Request params:	team=TeamName
				session=session_name
Query params:	<none>
Form params:	<none>
Path params:	<none>
Headers:		Accept=application/json, application/javascript, text/javascript, text/json
				Content-Type=application/json; charset=UTF-8
Cookies:		<none>
Multiparts:		<none>
Body:			<none>
2. [RESPONSE] post /klik
{
    "code": "InvalidContent",
    "message": "Invalid JSON: Unexpected token e in JSON at position 1"
}
]]></system-out>
  </testcase>
  <testcase name="checkNoOfClicksIsGreaterAfterClick" classname="com.slotegrator.api.STFUAPITests" time="3.288"/>
</testsuite>